2023-08-14 19:59:43.885182
hello_world
(), {}
Hello World
2023-08-14 19:59:43.885182
summator
(2, 2), {}
4
2023-08-14 19:59:43.885182
div
(6, 2), {}
3.0
2023-08-14 19:59:43.886179
summator
(4.3,), {'b': 2.2}
6.5
2023-08-14 19:59:43.886179
summator
(), {'a': 0, 'b': 0}
0
2023-08-14 20:01:38.263328
get_headers
(), {}
{'Accept': '*/*', 'Connection': 'keep-alive', 'User-Agent': 'Mozilla/5.0 (Windows NT 6.3; rv:65.0.1) Gecko/20100101 Firefox/65.0.1'}
2023-08-14 20:01:40.283319
get_headers
(), {}
{'Accept': '*/*', 'Connection': 'keep-alive', 'User-Agent': 'Mozilla/5.0 (Windows NT 10.0; Win64; x64; rv:52.0.2) Gecko/20100101 Firefox/52.0.2'}
2023-08-14 20:01:41.326308
get_headers
(), {}
{'Accept': '*/*', 'Connection': 'keep-alive', 'User-Agent': 'Mozilla/5.0 (Windows NT 10.0; WOW64; rv:66.0.3) Gecko/20100101 Firefox/66.0.3'}
2023-08-14 20:01:43.361971
get_headers
(), {}
{'Accept': '*/*', 'Connection': 'keep-alive', 'User-Agent': 'Mozilla/5.0 (Windows NT 6.2; rv:52.9.0) Gecko/20100101 Firefox/52.9.0'}
2023-08-14 20:01:44.370106
get_headers
(), {}
{'Accept': '*/*', 'Connection': 'keep-alive', 'User-Agent': 'Mozilla/5.0 (Windows NT 6.3; Win64; x64; rv:52.7.4) Gecko/20100101 Firefox/52.7.4'}
2023-08-14 20:01:45.230154
get_headers
(), {}
{'Accept': '*/*', 'Connection': 'keep-alive', 'User-Agent': 'Mozilla/5.0 (Windows NT 10.0; WOW64; rv:56.0.1) Gecko/20100101 Firefox/56.0.1'}
2023-08-14 20:01:46.228613
get_headers
(), {}
{'Accept': '*/*', 'Connection': 'keep-alive', 'User-Agent': 'Mozilla/5.0 (Windows NT 10.0; Win64; x64; rv:60.0.2) Gecko/20100101 Firefox/60.0.2'}
2023-08-14 20:01:47.147037
get_headers
(), {}
{'Accept': '*/*', 'Connection': 'keep-alive', 'User-Agent': 'Mozilla/5.0 (Windows NT 6.3; WOW64; rv:53.0.2) Gecko/20100101 Firefox/53.0.2'}
2023-08-14 20:01:48.157920
get_headers
(), {}
{'Accept': '*/*', 'Connection': 'keep-alive', 'User-Agent': 'Mozilla/5.0 (Windows NT 6.1; rv:52.2.1) Gecko/20100101 Firefox/52.2.1'}
2023-08-14 20:01:48.954104
get_headers
(), {}
{'Accept': '*/*', 'Connection': 'keep-alive', 'User-Agent': 'Mozilla/5.0 (Windows NT 10.0; WOW64; rv:52.1.1) Gecko/20100101 Firefox/52.1.1'}
2023-08-14 20:01:49.730902
get_headers
(), {}
{'Accept': '*/*', 'Connection': 'keep-alive', 'User-Agent': 'Mozilla/5.0 (Windows NT 6.1; WOW64; rv:52.8.0) Gecko/20100101 Firefox/52.8.0'}
2023-08-14 20:01:51.529996
get_headers
(), {}
{'Accept': '*/*', 'Connection': 'keep-alive', 'User-Agent': 'Mozilla/5.0 (Windows NT 10.0; Win64; x64; rv:52.7.0) Gecko/20100101 Firefox/52.7.0'}
2023-08-14 20:01:52.623110
get_headers
(), {}
{'Accept': '*/*', 'Connection': 'keep-alive', 'User-Agent': 'Mozilla/5.0 (Windows NT 10.0; Win64; x64; rv:61.0.1) Gecko/20100101 Firefox/61.0.1'}
2023-08-14 20:01:53.320561
get_headers
(), {}
{'Accept': '*/*', 'Connection': 'keep-alive', 'User-Agent': 'Mozilla/5.0 (Windows NT 10.0; Win64; x64; rv:55.0) Gecko/20100101 Firefox/55.0'}
2023-08-14 20:01:54.096801
get_headers
(), {}
{'Accept': '*/*', 'Connection': 'keep-alive', 'User-Agent': 'Mozilla/5.0 (Windows NT 10.0; WOW64; rv:61.0.2) Gecko/20100101 Firefox/61.0.2'}
2023-08-14 20:01:55.982022
get_headers
(), {}
{'Accept': '*/*', 'Connection': 'keep-alive', 'User-Agent': 'Mozilla/5.0 (Windows NT 10.0; Win64; x64; rv:54.0) Gecko/20100101 Firefox/54.0'}
2023-08-14 20:01:56.855936
get_headers
(), {}
{'Accept': '*/*', 'Connection': 'keep-alive', 'User-Agent': 'Mozilla/5.0 (Windows NT 10.0; Win64; x64; rv:60.5.0) Gecko/20100101 Firefox/60.5.0'}
2023-08-14 20:01:57.559269
get_headers
(), {}
{'Accept': '*/*', 'Connection': 'keep-alive', 'User-Agent': 'Mozilla/5.0 (Windows NT 10.0; Win64; x64; rv:59.0.1) Gecko/20100101 Firefox/59.0.1'}
2023-08-14 20:01:58.929285
get_headers
(), {}
{'Accept': '*/*', 'Connection': 'keep-alive', 'User-Agent': 'Mozilla/5.0 (Windows NT 10.0; WOW64; rv:55.0.1) Gecko/20100101 Firefox/55.0.1'}
2023-08-14 20:01:59.749715
get_headers
(), {}
{'Accept': '*/*', 'Connection': 'keep-alive', 'User-Agent': 'Mozilla/5.0 (Windows NT 10.0; Win64; x64; rv:57.0.2) Gecko/20100101 Firefox/57.0.2'}
2023-08-14 20:02:00.580866
get_headers
(), {}
{'Accept': '*/*', 'Connection': 'keep-alive', 'User-Agent': 'Mozilla/5.0 (Windows NT 6.0; rv:53.0.2) Gecko/20100101 Firefox/53.0.2'}
2023-08-14 20:02:01.742752
get_headers
(), {}
{'Accept': '*/*', 'Connection': 'keep-alive', 'User-Agent': 'Mozilla/5.0 (Windows NT 6.0; WOW64; rv:67.0.2) Gecko/20100101 Firefox/67.0.2'}
2023-08-14 20:02:03.470083
get_headers
(), {}
{'Accept': '*/*', 'Connection': 'keep-alive', 'User-Agent': 'Mozilla/5.0 (Windows NT 10.0; WOW64; rv:52.5.0) Gecko/20100101 Firefox/52.5.0'}
2023-08-14 20:02:04.222982
get_headers
(), {}
{'Accept': '*/*', 'Connection': 'keep-alive', 'User-Agent': 'Mozilla/5.0 (Windows NT 10.0; Win64; x64; rv:56.0.1) Gecko/20100101 Firefox/56.0.1'}
2023-08-14 20:02:04.904861
get_headers
(), {}
{'Accept': '*/*', 'Connection': 'keep-alive', 'User-Agent': 'Mozilla/5.0 (Windows NT 10.0; Win64; x64; rv:52.0) Gecko/20100101 Firefox/52.0'}
2023-08-14 20:02:05.739609
get_headers
(), {}
{'Accept': '*/*', 'Connection': 'keep-alive', 'User-Agent': 'Mozilla/5.0 (Windows NT 6.3; rv:66.0.4) Gecko/20100101 Firefox/66.0.4'}
2023-08-14 20:02:06.530755
get_headers
(), {}
{'Accept': '*/*', 'Connection': 'keep-alive', 'User-Agent': 'Mozilla/5.0 (Windows NT 10.0; Win64; x64; rv:59.0) Gecko/20100101 Firefox/59.0'}
2023-08-14 20:02:07.499971
get_headers
(), {}
{'Accept': '*/*', 'Connection': 'keep-alive', 'User-Agent': 'Mozilla/5.0 (Windows NT 10.0; Win64; x64; rv:62.0) Gecko/20100101 Firefox/62.0'}
2023-08-14 20:02:08.483441
get_headers
(), {}
{'Accept': '*/*', 'Connection': 'keep-alive', 'User-Agent': 'Mozilla/5.0 (Windows NT 6.2; Win64; x64; rv:52.7.1) Gecko/20100101 Firefox/52.7.1'}
2023-08-14 20:02:09.222113
get_headers
(), {}
{'Accept': '*/*', 'Connection': 'keep-alive', 'User-Agent': 'Mozilla/5.0 (Windows NT 6.3; WOW64; rv:60.0) Gecko/20100101 Firefox/60.0'}
2023-08-14 20:02:11.022834
get_headers
(), {}
{'Accept': '*/*', 'Connection': 'keep-alive', 'User-Agent': 'Mozilla/5.0 (Windows NT 10.0; Win64; x64; rv:52.5.3) Gecko/20100101 Firefox/52.5.3'}
2023-08-14 20:02:11.898040
get_headers
(), {}
{'Accept': '*/*', 'Connection': 'keep-alive', 'User-Agent': 'Mozilla/5.0 (Windows NT 6.0; rv:56.0) Gecko/20100101 Firefox/56.0'}
2023-08-14 20:02:14.035498
get_headers
(), {}
{'Accept': '*/*', 'Connection': 'keep-alive', 'User-Agent': 'Mozilla/5.0 (Windows NT 10.0; Win64; x64; rv:52.1.2) Gecko/20100101 Firefox/52.1.2'}
2023-08-14 20:02:14.993270
get_headers
(), {}
{'Accept': '*/*', 'Connection': 'keep-alive', 'User-Agent': 'Mozilla/5.0 (Windows NT 10.0; WOW64; rv:59.0.2) Gecko/20100101 Firefox/59.0.2'}
2023-08-14 20:02:15.687897
get_headers
(), {}
{'Accept': '*/*', 'Connection': 'keep-alive', 'User-Agent': 'Mozilla/5.0 (Windows NT 6.3; Win64; x64; rv:52.6.0) Gecko/20100101 Firefox/52.6.0'}
2023-08-14 20:02:16.489166
get_headers
(), {}
{'Accept': '*/*', 'Connection': 'keep-alive', 'User-Agent': 'Mozilla/5.0 (Windows NT 6.3; rv:51.0.1) Gecko/20100101 Firefox/51.0.1'}
2023-08-14 20:02:17.141273
get_headers
(), {}
{'Accept': '*/*', 'Connection': 'keep-alive', 'User-Agent': 'Mozilla/5.0 (Windows NT 6.2; Win64; x64; rv:57.0.3) Gecko/20100101 Firefox/57.0.3'}
2023-08-14 20:02:18.883040
get_headers
(), {}
{'Accept': '*/*', 'Connection': 'keep-alive', 'User-Agent': 'Mozilla/5.0 (Windows NT 6.2; rv:60.4.0) Gecko/20100101 Firefox/60.4.0'}
2023-08-14 20:02:19.823370
get_headers
(), {}
{'Accept': '*/*', 'Connection': 'keep-alive', 'User-Agent': 'Mozilla/5.0 (Windows NT 10.0; Win64; x64; rv:65.0) Gecko/20100101 Firefox/65.0'}
2023-08-14 20:02:21.665873
get_headers
(), {}
{'Accept': '*/*', 'Connection': 'keep-alive', 'User-Agent': 'Mozilla/5.0 (Windows NT 6.3; rv:52.2.0) Gecko/20100101 Firefox/52.2.0'}
2023-08-14 20:02:23.524148
get_headers
(), {}
{'Accept': '*/*', 'Connection': 'keep-alive', 'User-Agent': 'Mozilla/5.0 (Windows NT 10.0; WOW64; rv:67.0.1) Gecko/20100101 Firefox/67.0.1'}
2023-08-14 20:02:24.586401
get_headers
(), {}
{'Accept': '*/*', 'Connection': 'keep-alive', 'User-Agent': 'Mozilla/5.0 (Windows NT 6.0; rv:51.0.1) Gecko/20100101 Firefox/51.0.1'}
2023-08-14 20:02:25.784654
get_headers
(), {}
{'Accept': '*/*', 'Connection': 'keep-alive', 'User-Agent': 'Mozilla/5.0 (Windows NT 6.2; rv:66.0.5) Gecko/20100101 Firefox/66.0.5'}
2023-08-14 20:02:26.716959
get_headers
(), {}
{'Accept': '*/*', 'Connection': 'keep-alive', 'User-Agent': 'Mozilla/5.0 (Windows NT 6.0; WOW64; rv:50.0.1) Gecko/20100101 Firefox/50.0.1'}
2023-08-14 20:02:27.759785
get_headers
(), {}
{'Accept': '*/*', 'Connection': 'keep-alive', 'User-Agent': 'Mozilla/5.0 (Windows NT 10.0; WOW64; rv:60.2.2) Gecko/20100101 Firefox/60.2.2'}
2023-08-14 20:02:28.662559
get_headers
(), {}
{'Accept': '*/*', 'Connection': 'keep-alive', 'User-Agent': 'Mozilla/5.0 (Windows NT 6.0; WOW64; rv:52.1.0) Gecko/20100101 Firefox/52.1.0'}
2023-08-14 20:02:29.658363
get_headers
(), {}
{'Accept': '*/*', 'Connection': 'keep-alive', 'User-Agent': 'Mozilla/5.0 (Windows NT 6.0; rv:52.7.3) Gecko/20100101 Firefox/52.7.3'}
2023-08-14 20:02:31.392046
get_headers
(), {}
{'Accept': '*/*', 'Connection': 'keep-alive', 'User-Agent': 'Mozilla/5.0 (Windows NT 10.0; WOW64; rv:52.7.3) Gecko/20100101 Firefox/52.7.3'}
2023-08-14 20:02:32.463512
get_headers
(), {}
{'Accept': '*/*', 'Connection': 'keep-alive', 'User-Agent': 'Mozilla/5.0 (Windows NT 10.0; Win64; x64; rv:62.0.2) Gecko/20100101 Firefox/62.0.2'}
2023-08-14 20:02:34.234157
get_headers
(), {}
{'Accept': '*/*', 'Connection': 'keep-alive', 'User-Agent': 'Mozilla/5.0 (Windows NT 6.2; WOW64; rv:53.0.3) Gecko/20100101 Firefox/53.0.3'}
2023-08-14 20:02:35.977243
get_headers
(), {}
{'Accept': '*/*', 'Connection': 'keep-alive', 'User-Agent': 'Mozilla/5.0 (Windows NT 10.0; Win64; x64; rv:52.5.3) Gecko/20100101 Firefox/52.5.3'}
2023-08-14 20:02:37.121248
get_headers
(), {}
{'Accept': '*/*', 'Connection': 'keep-alive', 'User-Agent': 'Mozilla/5.0 (Windows NT 10.0; WOW64; rv:52.8.0) Gecko/20100101 Firefox/52.8.0'}
2023-08-14 20:02:38.894659
get_headers
(), {}
{'Accept': '*/*', 'Connection': 'keep-alive', 'User-Agent': 'Mozilla/5.0 (Windows NT 6.2; WOW64; rv:52.7.3) Gecko/20100101 Firefox/52.7.3'}
2023-08-14 20:02:39.638771
get_headers
(), {}
{'Accept': '*/*', 'Connection': 'keep-alive', 'User-Agent': 'Mozilla/5.0 (Windows NT 6.0; rv:52.1.0) Gecko/20100101 Firefox/52.1.0'}
2023-08-14 20:02:40.368099
get_headers
(), {}
{'Accept': '*/*', 'Connection': 'keep-alive', 'User-Agent': 'Mozilla/5.0 (Windows NT 10.0; WOW64; rv:64.0.2) Gecko/20100101 Firefox/64.0.2'}
2023-08-14 20:02:41.164349
get_headers
(), {}
{'Accept': '*/*', 'Connection': 'keep-alive', 'User-Agent': 'Mozilla/5.0 (Windows NT 10.0; WOW64; rv:52.1.2) Gecko/20100101 Firefox/52.1.2'}
2023-08-14 20:02:42.181629
get_headers
(), {}
{'Accept': '*/*', 'Connection': 'keep-alive', 'User-Agent': 'Mozilla/5.0 (Windows NT 10.0; WOW64; rv:52.6.0) Gecko/20100101 Firefox/52.6.0'}
2023-08-14 20:02:43.069319
get_headers
(), {}
{'Accept': '*/*', 'Connection': 'keep-alive', 'User-Agent': 'Mozilla/5.0 (Windows NT 6.3; rv:53.0) Gecko/20100101 Firefox/53.0'}
2023-08-14 20:02:43.791050
get_headers
(), {}
{'Accept': '*/*', 'Connection': 'keep-alive', 'User-Agent': 'Mozilla/5.0 (Windows NT 6.0; WOW64; rv:56.0) Gecko/20100101 Firefox/56.0'}
2023-08-14 20:02:44.527798
get_headers
(), {}
{'Accept': '*/*', 'Connection': 'keep-alive', 'User-Agent': 'Mozilla/5.0 (Windows NT 10.0; WOW64; rv:62.0.2) Gecko/20100101 Firefox/62.0.2'}
2023-08-14 20:02:45.435952
get_headers
(), {}
{'Accept': '*/*', 'Connection': 'keep-alive', 'User-Agent': 'Mozilla/5.0 (Windows NT 10.0; WOW64; rv:60.0) Gecko/20100101 Firefox/60.0'}
2023-08-14 20:02:46.126678
get_headers
(), {}
{'Accept': '*/*', 'Connection': 'keep-alive', 'User-Agent': 'Mozilla/5.0 (Windows NT 10.0; Win64; x64; rv:59.0.1) Gecko/20100101 Firefox/59.0.1'}
2023-08-14 20:02:47.131231
get_headers
(), {}
{'Accept': '*/*', 'Connection': 'keep-alive', 'User-Agent': 'Mozilla/5.0 (Windows NT 10.0; WOW64; rv:62.0.3) Gecko/20100101 Firefox/62.0.3'}
2023-08-14 20:02:48.904444
get_headers
(), {}
{'Accept': '*/*', 'Connection': 'keep-alive', 'User-Agent': 'Mozilla/5.0 (Windows NT 10.0; WOW64; rv:62.0.2) Gecko/20100101 Firefox/62.0.2'}
2023-08-14 20:02:50.758753
get_headers
(), {}
{'Accept': '*/*', 'Connection': 'keep-alive', 'User-Agent': 'Mozilla/5.0 (Windows NT 10.0; WOW64; rv:58.0.1) Gecko/20100101 Firefox/58.0.1'}
2023-08-14 20:02:51.634728
get_headers
(), {}
{'Accept': '*/*', 'Connection': 'keep-alive', 'User-Agent': 'Mozilla/5.0 (Windows NT 6.3; rv:61.0) Gecko/20100101 Firefox/61.0'}
2023-08-14 20:02:52.344036
get_headers
(), {}
{'Accept': '*/*', 'Connection': 'keep-alive', 'User-Agent': 'Mozilla/5.0 (Windows NT 6.3; rv:66.0.1) Gecko/20100101 Firefox/66.0.1'}
2023-08-14 20:02:54.347658
get_headers
(), {}
{'Accept': '*/*', 'Connection': 'keep-alive', 'User-Agent': 'Mozilla/5.0 (Windows NT 6.1; rv:52.7.0) Gecko/20100101 Firefox/52.7.0'}
2023-08-14 20:02:55.393483
get_headers
(), {}
{'Accept': '*/*', 'Connection': 'keep-alive', 'User-Agent': 'Mozilla/5.0 (Windows NT 6.0; rv:66.0.5) Gecko/20100101 Firefox/66.0.5'}
2023-08-14 20:02:56.293591
get_headers
(), {}
{'Accept': '*/*', 'Connection': 'keep-alive', 'User-Agent': 'Mozilla/5.0 (Windows NT 6.2; WOW64; rv:52.4.1) Gecko/20100101 Firefox/52.4.1'}
2023-08-14 20:02:57.417017
get_headers
(), {}
{'Accept': '*/*', 'Connection': 'keep-alive', 'User-Agent': 'Mozilla/5.0 (Windows NT 10.0; WOW64; rv:53.0) Gecko/20100101 Firefox/53.0'}
2023-08-14 20:02:58.237638
get_headers
(), {}
{'Accept': '*/*', 'Connection': 'keep-alive', 'User-Agent': 'Mozilla/5.0 (Windows NT 10.0; Win64; x64; rv:52.1.2) Gecko/20100101 Firefox/52.1.2'}
2023-08-14 20:03:00.129798
get_headers
(), {}
{'Accept': '*/*', 'Connection': 'keep-alive', 'User-Agent': 'Mozilla/5.0 (Windows NT 10.0; Win64; x64; rv:66.0.4) Gecko/20100101 Firefox/66.0.4'}
2023-08-14 20:03:00.965458
get_headers
(), {}
{'Accept': '*/*', 'Connection': 'keep-alive', 'User-Agent': 'Mozilla/5.0 (Windows NT 10.0; WOW64; rv:51.0) Gecko/20100101 Firefox/51.0'}
2023-08-14 20:03:02.696765
get_headers
(), {}
{'Accept': '*/*', 'Connection': 'keep-alive', 'User-Agent': 'Mozilla/5.0 (Windows NT 10.0; WOW64; rv:66.0.4) Gecko/20100101 Firefox/66.0.4'}
2023-08-14 20:03:04.482262
get_headers
(), {}
{'Accept': '*/*', 'Connection': 'keep-alive', 'User-Agent': 'Mozilla/5.0 (Windows NT 6.0; rv:52.8.1) Gecko/20100101 Firefox/52.8.1'}
2023-08-14 20:03:05.368656
get_headers
(), {}
{'Accept': '*/*', 'Connection': 'keep-alive', 'User-Agent': 'Mozilla/5.0 (Windows NT 6.2; WOW64; rv:60.2.1) Gecko/20100101 Firefox/60.2.1'}
2023-08-14 20:03:06.166342
get_headers
(), {}
{'Accept': '*/*', 'Connection': 'keep-alive', 'User-Agent': 'Mozilla/5.0 (Windows NT 10.0; Win64; x64; rv:52.6.0) Gecko/20100101 Firefox/52.6.0'}
2023-08-14 20:03:06.886648
get_headers
(), {}
{'Accept': '*/*', 'Connection': 'keep-alive', 'User-Agent': 'Mozilla/5.0 (Windows NT 6.0; Win64; x64; rv:66.0) Gecko/20100101 Firefox/66.0'}
2023-08-14 20:03:07.759886
get_headers
(), {}
{'Accept': '*/*', 'Connection': 'keep-alive', 'User-Agent': 'Mozilla/5.0 (Windows NT 10.0; Win64; x64; rv:52.8.0) Gecko/20100101 Firefox/52.8.0'}
2023-08-14 20:03:08.453190
get_headers
(), {}
{'Accept': '*/*', 'Connection': 'keep-alive', 'User-Agent': 'Mozilla/5.0 (Windows NT 10.0; WOW64; rv:52.2.1) Gecko/20100101 Firefox/52.2.1'}
